2025-07-19 12:48:38,991 - root - INFO - ================================================================================
2025-07-19 12:48:38,991 - root - INFO - Starting new logging session: 20250719_124838
2025-07-19 12:48:38,991 - root - INFO - Log file: X:\GitHub\Images-Deduplicator\logs\image_dedup_20250719_124838.log
2025-07-19 12:48:38,991 - root - INFO - ================================================================================
2025-07-19 12:48:39,624 - root - DEBUG - Dark theme palette applied successfully
2025-07-19 12:48:39,624 - root - INFO - Dark theme applied successfully
2025-07-19 12:48:39,626 - root - INFO - Application styles initialized successfully
2025-07-19 12:48:39,627 - root - DEBUG - Using style: Fusion
2025-07-19 12:48:39,627 - root - DEBUG - Using theme: dark
2025-07-19 12:48:39,627 - root - DEBUG - Using font: Segoe UI 10pt
2025-07-19 12:48:39,635 - script.UI - DEBUG - Thread pool initialized with max thread count: 16
2025-07-19 12:48:39,636 - script.UI - INFO - ==================================================
2025-07-19 12:48:39,636 - script.UI - INFO - Starting Image Deduplicator v1.6.0
2025-07-19 12:48:39,636 - script.UI - INFO - Log file: logs\image_dedup.log
2025-07-19 12:48:39,636 - script.UI - DEBUG - Configuration: {}
2025-07-19 12:48:39,637 - script.UI - DEBUG - Using similarity threshold: 90%
2025-07-19 12:48:40,596 - root - DEBUG - Dark theme palette applied successfully
2025-07-19 12:48:40,596 - root - INFO - Dark theme applied successfully
2025-07-19 12:48:41,597 - root - INFO - Checking for updates...
2025-07-19 12:48:43,596 - root - INFO - Checking for updates...
2025-07-19 12:48:43,599 - urllib3.connectionpool - DEBUG - Starting new HTTPS connection (1): api.github.com:443
2025-07-19 12:48:43,912 - urllib3.connectionpool - DEBUG - https://api.github.com:443 "GET /repos/Nsfr750/Images-Deduplicator/releases/latest HTTP/1.1" 200 638
2025-07-19 12:48:43,918 - root - INFO - No updates available
2025-07-19 12:48:43,918 - root - INFO - No updates available
